<?xml version="1.0" encoding="UTF-8"?>
<testsuite name="Q4Test" tests="5" skipped="0" failures="0" errors="0" timestamp="2021-12-03T16:32:46" hostname="XPS" time="0.003">
  <properties/>
  <testcase name="test10" classname="Q4Test" time="0.002"/>
  <testcase name="test63" classname="Q4Test" time="0.0"/>
  <testcase name="test0" classname="Q4Test" time="0.0"/>
  <testcase name="test1" classname="Q4Test" time="0.0"/>
  <testcase name="test3" classname="Q4Test" time="0.0"/>
  <system-out><![CDATA[]]></system-out>
  <system-err><![CDATA[]]></system-err>
</testsuite>
